0 info it worked if it ends with ok
1 verbose cli [ 'node', '/usr/local/bin/npm', 'install', '-g', 'meteorite' ]
2 info using npm@1.2.18
3 info using node@v0.10.5
4 verbose read json /usr/local/lib/package.json
5 verbose read json /usr/local/lib/package.json
6 verbose cache add [ 'meteorite', null ]
7 verbose cache add name=undefined spec="meteorite" args=["meteorite",null]
8 verbose parsed url { protocol: null,
8 verbose parsed url   slashes: null,
8 verbose parsed url   auth: null,
8 verbose parsed url   host: null,
8 verbose parsed url   port: null,
8 verbose parsed url   hostname: null,
8 verbose parsed url   hash: null,
8 verbose parsed url   search: null,
8 verbose parsed url   query: null,
8 verbose parsed url   pathname: 'meteorite',
8 verbose parsed url   path: 'meteorite',
8 verbose parsed url   href: 'meteorite' }
9 silly lockFile 8f2f99a9-meteorite meteorite
10 verbose lock meteorite /Users/pm/.npm/8f2f99a9-meteorite.lock
11 silly lockFile 8f2f99a9-meteorite meteorite
12 verbose addNamed [ 'meteorite', '' ]
13 verbose addNamed [ null, '' ]
14 silly lockFile bf6d5fee-meteorite meteorite@
15 verbose lock meteorite@ /Users/pm/.npm/bf6d5fee-meteorite.lock
16 silly lockFile bf6d5fee-meteorite meteorite@
17 error Error: EACCES, open '/Users/pm/.npm/bf6d5fee-meteorite.lock'
17 error  { [Error: EACCES, open '/Users/pm/.npm/bf6d5fee-meteorite.lock']
17 error   errno: 3,
17 error   code: 'EACCES',
17 error   path: '/Users/pm/.npm/bf6d5fee-meteorite.lock' }
18 error Please try running this command again as root/Administrator.
19 error System Darwin 12.3.0
20 error command "node" "/usr/local/bin/npm" "install" "-g" "meteorite"
21 error cwd /Users/pm/Dropbox/Development/js/microscope
22 error node -v v0.10.5
23 error npm -v 1.2.18
24 error path /Users/pm/.npm/bf6d5fee-meteorite.lock
25 error code EACCES
26 error errno 3
27 error stack Error: EACCES, open '/Users/pm/.npm/bf6d5fee-meteorite.lock'
28 verbose exit [ 3, true ]
